TN:
SF:src\App.vue
FN:19,(anonymous_1)
FN:22,(anonymous_2)
FN:34,(anonymous_3)
FNF:3
FNH:3
FNDA:2,(anonymous_1)
FNDA:2,(anonymous_2)
FNDA:2,(anonymous_3)
DA:20,2
DA:23,2
DA:35,2
LF:3
LH:3
BRF:0
BRH:0
end_of_record
TN:
SF:src\components\Book.vue
FN:33,(anonymous_2)
FN:49,(anonymous_3)
FN:59,(anonymous_4)
FN:61,(anonymous_5)
FN:68,(anonymous_6)
FN:73,(anonymous_7)
FN:77,(anonymous_8)
FNF:7
FNH:5
FNDA:4,(anonymous_2)
FNDA:2,(anonymous_3)
FNDA:4,(anonymous_4)
FNDA:0,(anonymous_5)
FNDA:1,(anonymous_6)
FNDA:1,(anonymous_7)
FNDA:0,(anonymous_8)
DA:28,1
DA:29,1
DA:30,1
DA:34,4
DA:50,2
DA:60,4
DA:61,4
DA:62,0
DA:63,0
DA:64,0
DA:65,0
DA:69,1
DA:70,1
DA:71,1
DA:74,1
DA:75,1
DA:78,0
LF:17
LH:12
BRF:0
BRH:0
end_of_record
TN:
SF:src\components\BookDetail.vue
FN:40,(anonymous_2)
FN:46,(anonymous_3)
FN:48,(anonymous_4)
FNF:3
FNH:2
FNDA:1,(anonymous_2)
FNDA:1,(anonymous_3)
FNDA:0,(anonymous_4)
DA:36,1
DA:37,1
DA:41,1
DA:47,1
DA:48,1
DA:49,0
LF:6
LH:5
BRF:0
BRH:0
end_of_record
TN:
SF:src\components\Index.vue
FN:41,(anonymous_5)
FN:46,(anonymous_6)
FN:47,(anonymous_7)
FN:48,(anonymous_8)
FN:49,(anonymous_9)
FN:50,(anonymous_10)
FN:61,(anonymous_11)
FN:70,(anonymous_12)
FN:84,(anonymous_13)
FN:88,(anonymous_14)
FNF:10
FNH:7
FNDA:3,(anonymous_5)
FNDA:3,(anonymous_6)
FNDA:3,(anonymous_7)
FNDA:3,(anonymous_8)
FNDA:3,(anonymous_9)
FNDA:3,(anonymous_10)
FNDA:0,(anonymous_11)
FNDA:2,(anonymous_12)
FNDA:0,(anonymous_13)
FNDA:0,(anonymous_14)
DA:36,1
DA:37,1
DA:38,1
DA:39,1
DA:42,3
DA:46,3
DA:47,3
DA:48,3
DA:49,3
DA:50,3
DA:61,0
DA:85,0
DA:89,0
LF:13
LH:10
BRF:0
BRH:0
end_of_record
TN:
SF:src\components\Movie.vue
FN:41,(anonymous_2)
FN:54,(anonymous_3)
FN:64,(anonymous_4)
FN:66,(anonymous_5)
FN:74,(anonymous_6)
FN:88,(anonymous_7)
FN:92,(anonymous_8)
FNF:7
FNH:5
FNDA:3,(anonymous_2)
FNDA:2,(anonymous_3)
FNDA:9,(anonymous_4)
FNDA:0,(anonymous_5)
FNDA:6,(anonymous_6)
FNDA:1,(anonymous_7)
FNDA:0,(anonymous_8)
DA:35,1
DA:36,1
DA:37,1
DA:38,1
DA:42,3
DA:55,2
DA:65,9
DA:66,9
DA:67,0
DA:68,0
DA:69,0
DA:70,0
DA:71,0
DA:75,6
DA:76,6
DA:77,2
DA:78,2
DA:79,2
DA:80,2
DA:81,2
DA:82,2
DA:83,0
DA:85,6
DA:86,6
DA:89,1
DA:90,1
DA:93,0
LF:27
LH:20
BRDA:68,0,0,0
BRDA:68,0,1,0
BRDA:69,1,0,0
BRDA:69,1,1,0
BRDA:77,2,0,1
BRDA:77,2,1,1
BRDA:77,2,2,1
BRDA:77,2,3,1
BRDA:77,2,4,1
BRDA:77,2,5,1
BRDA:77,2,6,0
BRF:11
BRH:6
end_of_record
TN:
SF:src\components\MovieDetail.vue
FN:51,(anonymous_2)
FN:64,(anonymous_3)
FN:68,(anonymous_4)
FN:72,(anonymous_5)
FN:74,(anonymous_6)
FNF:5
FNH:3
FNDA:1,(anonymous_2)
FNDA:1,(anonymous_3)
FNDA:0,(anonymous_4)
FNDA:1,(anonymous_5)
FNDA:0,(anonymous_6)
DA:47,1
DA:48,1
DA:52,1
DA:65,1
DA:66,1
DA:69,0
DA:70,0
DA:73,1
DA:74,1
DA:75,0
LF:10
LH:7
BRF:0
BRH:0
end_of_record
TN:
SF:src\mock\city.js
FNF:0
FNH:0
DA:2,1
DA:4,1
LF:2
LH:2
BRF:0
BRH:0
end_of_record
TN:
SF:src\mock\index.js
FNF:0
FNH:0
DA:3,1
LF:1
LH:1
BRF:0
BRH:0
end_of_record
TN:
SF:src\store\book.js
FN:13,(anonymous_0)
FNF:1
FNH:0
FNDA:0,(anonymous_0)
DA:1,2
DA:8,1
DA:13,1
DA:14,0
LF:4
LH:3
BRF:0
BRH:0
end_of_record
TN:
SF:src\store\index.js
FN:20,(anonymous_0)
FN:21,(anonymous_1)
FN:32,(anonymous_2)
FN:42,(anonymous_3)
FNF:4
FNH:3
FNDA:1,(anonymous_0)
FNDA:4,(anonymous_1)
FNDA:4,(anonymous_2)
FNDA:0,(anonymous_3)
DA:3,1
DA:8,1
DA:21,1
DA:22,4
DA:27,1
DA:32,1
DA:33,4
DA:37,1
DA:42,1
DA:43,0
DA:49,1
LF:11
LH:10
BRF:0
BRH:0
end_of_record
TN:
SF:src\store\movie.js
FN:13,(anonymous_0)
FNF:1
FNH:0
FNDA:0,(anonymous_0)
DA:1,2
DA:8,1
DA:13,1
DA:14,0
LF:4
LH:3
BRF:0
BRH:0
end_of_record
